0 info it worked if it ends with ok
1 verbose cli [ '/usr/local/bin/node', '/usr/local/bin/npm', 'install' ]
2 info using npm@1.4.9
3 info using node@v0.11.13
4 warn package.json firebird@v0.0.10 'repositories' (plural) Not supported. Please pick one as the 'repository' field
5 verbose readDependencies using package.json deps
6 verbose install where, deps [ '/home/xdenser/node-firebird-libfbclient', [ 'nan' ] ]
7 info preinstall firebird@0.0.10
8 verbose readDependencies using package.json deps
9 verbose already installed skipping nan@^1.3.0 /home/xdenser/node-firebird-libfbclient
10 silly resolved []
11 info build /home/xdenser/node-firebird-libfbclient
12 verbose linkStuff [ false, false, false, '/home/xdenser' ]
13 info linkStuff firebird@0.0.10
14 verbose linkBins firebird@0.0.10
15 verbose linkMans firebird@0.0.10
16 verbose rebuildBundles firebird@0.0.10
17 verbose rebuildBundles [ 'nan' ]
18 info install firebird@0.0.10
19 verbose unsafe-perm in lifecycle true
20 info firebird@0.0.10 Failed to exec install script
21 error firebird@0.0.10 install: `node-gyp rebuild`
21 error Exit status 1
22 error Failed at the firebird@0.0.10 install script.
22 error This is most likely a problem with the firebird package,
22 error not with npm itself.
22 error Tell the author that this fails on your system:
22 error     node-gyp rebuild
22 error You can get their info via:
22 error     npm owner ls firebird
22 error There is likely additional logging output above.
23 error System Linux 3.2.0-23-generic-pae
24 error command "/usr/local/bin/node" "/usr/local/bin/npm" "install"
25 error cwd /home/xdenser/node-firebird-libfbclient
26 error node -v v0.11.13
27 error npm -v 1.4.9
28 error code ELIFECYCLE
29 verbose exit [ 1, true ]
